[2025-10-17 14:08:05,051] INFO [Controller id=0 epoch=4] Sending UpdateMetadata request to brokers HashSet(0) for 0 partitions (state.change.logger)
[2025-10-17 14:08:05,062] INFO [Controller id=0 epoch=4] Sending LeaderAndIsr request to broker 0 with 53 become-leader and 0 become-follower partitions (state.change.logger)
[2025-10-17 14:08:05,063] INFO [Controller id=0 epoch=4] Sending UpdateMetadata request to brokers HashSet(0) for 53 partitions (state.change.logger)
[2025-10-17 14:08:05,183] INFO [Broker id=0] Handling LeaderAndIsr request correlationId 1 from controller 0 for 53 partitions (state.change.logger)
[2025-10-17 14:08:05,194] INFO [Broker id=0] Stopped fetchers as part of LeaderAndIsr request correlationId 1 from controller 0 epoch 4 as part of the become-leader transition for 53 partitions (state.change.logger)
[2025-10-17 14:08:05,197] INFO [Broker id=0] Leader __consumer_offsets-3 with topic id Some(SEtKCed8QsqQUZCZ8sq0Cw) starts at leader epoch 0 from offset 0 with partition epoch 0, high watermark 0, ISR [0], adding replicas [] and removing replicas [] . Previous leader None and previous leader epoch was -1. (state.change.logger)
[2025-10-17 14:08:05,202] INFO [Broker id=0] Leader __consumer_offsets-18 with topic id Some(SEtKCed8QsqQUZCZ8sq0Cw) starts at leader epoch 0 from offset 0 with partition epoch 0, high watermark 0, ISR [0], adding replicas [] and removing replicas [] . Previous leader None and previous leader epoch was -1. (state.change.logger)
[2025-10-17 14:08:05,204] INFO [Broker id=0] Leader __consumer_offsets-41 with topic id Some(SEtKCed8QsqQUZCZ8sq0Cw) starts at leader epoch 0 from offset 0 with partition epoch 0, high watermark 0, ISR [0], adding replicas [] and removing replicas [] . Previous leader None and previous leader epoch was -1. (state.change.logger)
[2025-10-17 14:08:05,208] INFO [Broker id=0] Leader __consumer_offsets-10 with topic id Some(SEtKCed8QsqQUZCZ8sq0Cw) starts at leader epoch 0 from offset 0 with partition epoch 0, high watermark 0, ISR [0], adding replicas [] and removing replicas [] . Previous leader None and previous leader epoch was -1. (state.change.logger)
[2025-10-17 14:08:05,212] INFO [Broker id=0] Leader __consumer_offsets-33 with topic id Some(SEtKCed8QsqQUZCZ8sq0Cw) starts at leader epoch 0 from offset 0 with partition epoch 0, high watermark 0, ISR [0], adding replicas [] and removing replicas [] . Previous leader None and previous leader epoch was -1. (state.change.logger)
[2025-10-17 14:08:05,216] INFO [Broker id=0] Leader __consumer_offsets-48 with topic id Some(SEtKCed8QsqQUZCZ8sq0Cw) starts at leader epoch 0 from offset 0 with partition epoch 0, high watermark 0, ISR [0], adding replicas [] and removing replicas [] . Previous leader None and previous leader epoch was -1. (state.change.logger)
[2025-10-17 14:08:05,219] INFO [Broker id=0] Leader __consumer_offsets-19 with topic id Some(SEtKCed8QsqQUZCZ8sq0Cw) starts at leader epoch 0 from offset 0 with partition epoch 0, high watermark 0, ISR [0], adding replicas [] and removing replicas [] . Previous leader None and previous leader epoch was -1. (state.change.logger)
[2025-10-17 14:08:05,222] INFO [Broker id=0] Leader __consumer_offsets-34 with topic id Some(SEtKCed8QsqQUZCZ8sq0Cw) starts at leader epoch 0 from offset 0 with partition epoch 0, high watermark 0, ISR [0], adding replicas [] and removing replicas [] . Previous leader None and previous leader epoch was -1. (state.change.logger)
[2025-10-17 14:08:05,226] INFO [Broker id=0] Leader __consumer_offsets-4 with topic id Some(SEtKCed8QsqQUZCZ8sq0Cw) starts at leader epoch 0 from offset 0 with partition epoch 0, high watermark 0, ISR [0], adding replicas [] and removing replicas [] . Previous leader None and previous leader epoch was -1. (state.change.logger)
[2025-10-17 14:08:05,230] INFO [Broker id=0] Leader tp_bankingapp-0 with topic id Some(20zlnzozS8KZBM2GMdb-Jw) starts at leader epoch 0 from offset 5 with partition epoch 0, high watermark 5, ISR [0], adding replicas [] and removing replicas [] . Previous leader None and previous leader epoch was -1. (state.change.logger)
[2025-10-17 14:08:05,230] INFO [Broker id=0] Leader __consumer_offsets-11 with topic id Some(SEtKCed8QsqQUZCZ8sq0Cw) starts at leader epoch 0 from offset 0 with partition epoch 0, high watermark 0, ISR [0], adding replicas [] and removing replicas [] . Previous leader None and previous leader epoch was -1. (state.change.logger)
[2025-10-17 14:08:05,234] INFO [Broker id=0] Leader __consumer_offsets-26 with topic id Some(SEtKCed8QsqQUZCZ8sq0Cw) starts at leader epoch 0 from offset 0 with partition epoch 0, high watermark 0, ISR [0], adding replicas [] and removing replicas [] . Previous leader None and previous leader epoch was -1. (state.change.logger)
[2025-10-17 14:08:05,238] INFO [Broker id=0] Leader __consumer_offsets-49 with topic id Some(SEtKCed8QsqQUZCZ8sq0Cw) starts at leader epoch 0 from offset 0 with partition epoch 0, high watermark 0, ISR [0], adding replicas [] and removing replicas [] . Previous leader None and previous leader epoch was -1. (state.change.logger)
[2025-10-17 14:08:05,242] INFO [Broker id=0] Leader __consumer_offsets-39 with topic id Some(SEtKCed8QsqQUZCZ8sq0Cw) starts at leader epoch 0 from offset 0 with partition epoch 0, high watermark 0, ISR [0], adding replicas [] and removing replicas [] . Previous leader None and previous leader epoch was -1. (state.change.logger)
[2025-10-17 14:08:05,246] INFO [Broker id=0] Leader __consumer_offsets-9 with topic id Some(SEtKCed8QsqQUZCZ8sq0Cw) starts at leader epoch 0 from offset 0 with partition epoch 0, high watermark 0, ISR [0], adding replicas [] and removing replicas [] . Previous leader None and previous leader epoch was -1. (state.change.logger)
[2025-10-17 14:08:05,250] INFO [Broker id=0] Leader __consumer_offsets-24 with topic id Some(SEtKCed8QsqQUZCZ8sq0Cw) starts at leader epoch 0 from offset 0 with partition epoch 0, high watermark 0, ISR [0], adding replicas [] and removing replicas [] . Previous leader None and previous leader epoch was -1. (state.change.logger)
[2025-10-17 14:08:05,253] INFO [Broker id=0] Leader __consumer_offsets-31 with topic id Some(SEtKCed8QsqQUZCZ8sq0Cw) starts at leader epoch 0 from offset 0 with partition epoch 0, high watermark 0, ISR [0], adding replicas [] and removing replicas [] . Previous leader None and previous leader epoch was -1. (state.change.logger)
[2025-10-17 14:08:05,257] INFO [Broker id=0] Leader __consumer_offsets-46 with topic id Some(SEtKCed8QsqQUZCZ8sq0Cw) starts at leader epoch 0 from offset 0 with partition epoch 0, high watermark 0, ISR [0], adding replicas [] and removing replicas [] . Previous leader None and previous leader epoch was -1. (state.change.logger)
[2025-10-17 14:08:05,261] INFO [Broker id=0] Leader __consumer_offsets-1 with topic id Some(SEtKCed8QsqQUZCZ8sq0Cw) starts at leader epoch 0 from offset 0 with partition epoch 0, high watermark 0, ISR [0], adding replicas [] and removing replicas [] . Previous leader None and previous leader epoch was -1. (state.change.logger)
[2025-10-17 14:08:05,265] INFO [Broker id=0] Leader __consumer_offsets-16 with topic id Some(SEtKCed8QsqQUZCZ8sq0Cw) starts at leader epoch 0 from offset 0 with partition epoch 0, high watermark 0, ISR [0], adding replicas [] and removing replicas [] . Previous leader None and previous leader epoch was -1. (state.change.logger)
[2025-10-17 14:08:05,269] INFO [Broker id=0] Leader __consumer_offsets-2 with topic id Some(SEtKCed8QsqQUZCZ8sq0Cw) starts at leader epoch 0 from offset 0 with partition epoch 0, high watermark 0, ISR [0], adding replicas [] and removing replicas [] . Previous leader None and previous leader epoch was -1. (state.change.logger)
[2025-10-17 14:08:05,272] INFO [Broker id=0] Leader __consumer_offsets-25 with topic id Some(SEtKCed8QsqQUZCZ8sq0Cw) starts at leader epoch 0 from offset 0 with partition epoch 0, high watermark 0, ISR [0], adding replicas [] and removing replicas [] . Previous leader None and previous leader epoch was -1. (state.change.logger)
[2025-10-17 14:08:05,276] INFO [Broker id=0] Leader __consumer_offsets-40 with topic id Some(SEtKCed8QsqQUZCZ8sq0Cw) starts at leader epoch 0 from offset 0 with partition epoch 0, high watermark 0, ISR [0], adding replicas [] and removing replicas [] . Previous leader None and previous leader epoch was -1. (state.change.logger)
[2025-10-17 14:08:05,280] INFO [Broker id=0] Leader __consumer_offsets-47 with topic id Some(SEtKCed8QsqQUZCZ8sq0Cw) starts at leader epoch 0 from offset 0 with partition epoch 0, high watermark 0, ISR [0], adding replicas [] and removing replicas [] . Previous leader None and previous leader epoch was -1. (state.change.logger)
[2025-10-17 14:08:05,284] INFO [Broker id=0] Leader __consumer_offsets-17 with topic id Some(SEtKCed8QsqQUZCZ8sq0Cw) starts at leader epoch 0 from offset 0 with partition epoch 0, high watermark 0, ISR [0], adding replicas [] and removing replicas [] . Previous leader None and previous leader epoch was -1. (state.change.logger)
[2025-10-17 14:08:05,288] INFO [Broker id=0] Leader __consumer_offsets-32 with topic id Some(SEtKCed8QsqQUZCZ8sq0Cw) starts at leader epoch 0 from offset 0 with partition epoch 0, high watermark 0, ISR [0], adding replicas [] and removing replicas [] . Previous leader None and previous leader epoch was -1. (state.change.logger)
[2025-10-17 14:08:05,292] INFO [Broker id=0] Leader __consumer_offsets-37 with topic id Some(SEtKCed8QsqQUZCZ8sq0Cw) starts at leader epoch 0 from offset 0 with partition epoch 0, high watermark 0, ISR [0], adding replicas [] and removing replicas [] . Previous leader None and previous leader epoch was -1. (state.change.logger)
[2025-10-17 14:08:05,296] INFO [Broker id=0] Leader __consumer_offsets-7 with topic id Some(SEtKCed8QsqQUZCZ8sq0Cw) starts at leader epoch 0 from offset 0 with partition epoch 0, high watermark 0, ISR [0], adding replicas [] and removing replicas [] . Previous leader None and previous leader epoch was -1. (state.change.logger)
[2025-10-17 14:08:05,300] INFO [Broker id=0] Leader __consumer_offsets-22 with topic id Some(SEtKCed8QsqQUZCZ8sq0Cw) starts at leader epoch 0 from offset 0 with partition epoch 0, high watermark 0, ISR [0], adding replicas [] and removing replicas [] . Previous leader None and previous leader epoch was -1. (state.change.logger)
[2025-10-17 14:08:05,304] INFO [Broker id=0] Leader __consumer_offsets-29 with topic id Some(SEtKCed8QsqQUZCZ8sq0Cw) starts at leader epoch 0 from offset 0 with partition epoch 0, high watermark 0, ISR [0], adding replicas [] and removing replicas [] . Previous leader None and previous leader epoch was -1. (state.change.logger)
[2025-10-17 14:08:05,308] INFO [Broker id=0] Leader __consumer_offsets-44 with topic id Some(SEtKCed8QsqQUZCZ8sq0Cw) starts at leader epoch 0 from offset 0 with partition epoch 0, high watermark 0, ISR [0], adding replicas [] and removing replicas [] . Previous leader None and previous leader epoch was -1. (state.change.logger)
[2025-10-17 14:08:05,312] INFO [Broker id=0] Leader __consumer_offsets-14 with topic id Some(SEtKCed8QsqQUZCZ8sq0Cw) starts at leader epoch 0 from offset 0 with partition epoch 0, high watermark 0, ISR [0], adding replicas [] and removing replicas [] . Previous leader None and previous leader epoch was -1. (state.change.logger)
[2025-10-17 14:08:05,316] INFO [Broker id=0] Leader __consumer_offsets-23 with topic id Some(SEtKCed8QsqQUZCZ8sq0Cw) starts at leader epoch 0 from offset 0 with partition epoch 0, high watermark 0, ISR [0], adding replicas [] and removing replicas [] . Previous leader None and previous leader epoch was -1. (state.change.logger)
[2025-10-17 14:08:05,320] INFO [Broker id=0] Leader __consumer_offsets-38 with topic id Some(SEtKCed8QsqQUZCZ8sq0Cw) starts at leader epoch 0 from offset 0 with partition epoch 0, high watermark 0, ISR [0], adding replicas [] and removing replicas [] . Previous leader None and previous leader epoch was -1. (state.change.logger)
[2025-10-17 14:08:05,324] INFO [Broker id=0] Leader __consumer_offsets-8 with topic id Some(SEtKCed8QsqQUZCZ8sq0Cw) starts at leader epoch 0 from offset 0 with partition epoch 0, high watermark 0, ISR [0], adding replicas [] and removing replicas [] . Previous leader None and previous leader epoch was -1. (state.change.logger)
[2025-10-17 14:08:05,328] INFO [Broker id=0] Leader __consumer_offsets-45 with topic id Some(SEtKCed8QsqQUZCZ8sq0Cw) starts at leader epoch 0 from offset 0 with partition epoch 0, high watermark 0, ISR [0], adding replicas [] and removing replicas [] . Previous leader None and previous leader epoch was -1. (state.change.logger)
[2025-10-17 14:08:05,332] INFO [Broker id=0] Leader __consumer_offsets-15 with topic id Some(SEtKCed8QsqQUZCZ8sq0Cw) starts at leader epoch 0 from offset 0 with partition epoch 0, high watermark 0, ISR [0], adding replicas [] and removing replicas [] . Previous leader None and previous leader epoch was -1. (state.change.logger)
[2025-10-17 14:08:05,336] INFO [Broker id=0] Leader __consumer_offsets-30 with topic id Some(SEtKCed8QsqQUZCZ8sq0Cw) starts at leader epoch 0 from offset 0 with partition epoch 0, high watermark 0, ISR [0], adding replicas [] and removing replicas [] . Previous leader None and previous leader epoch was -1. (state.change.logger)
[2025-10-17 14:08:05,340] INFO [Broker id=0] Leader __consumer_offsets-0 with topic id Some(SEtKCed8QsqQUZCZ8sq0Cw) starts at leader epoch 0 from offset 0 with partition epoch 0, high watermark 0, ISR [0], adding replicas [] and removing replicas [] . Previous leader None and previous leader epoch was -1. (state.change.logger)
[2025-10-17 14:08:05,344] INFO [Broker id=0] Leader __consumer_offsets-35 with topic id Some(SEtKCed8QsqQUZCZ8sq0Cw) starts at leader epoch 0 from offset 0 with partition epoch 0, high watermark 0, ISR [0], adding replicas [] and removing replicas [] . Previous leader None and previous leader epoch was -1. (state.change.logger)
[2025-10-17 14:08:05,348] INFO [Broker id=0] Leader __consumer_offsets-5 with topic id Some(SEtKCed8QsqQUZCZ8sq0Cw) starts at leader epoch 0 from offset 0 with partition epoch 0, high watermark 0, ISR [0], adding replicas [] and removing replicas [] . Previous leader None and previous leader epoch was -1. (state.change.logger)
[2025-10-17 14:08:05,352] INFO [Broker id=0] Leader __consumer_offsets-20 with topic id Some(SEtKCed8QsqQUZCZ8sq0Cw) starts at leader epoch 0 from offset 0 with partition epoch 0, high watermark 0, ISR [0], adding replicas [] and removing replicas [] . Previous leader None and previous leader epoch was -1. (state.change.logger)
[2025-10-17 14:08:05,354] INFO [Broker id=0] Leader tp_bankingapp-1 with topic id Some(20zlnzozS8KZBM2GMdb-Jw) starts at leader epoch 0 from offset 6 with partition epoch 0, high watermark 6, ISR [0], adding replicas [] and removing replicas [] . Previous leader None and previous leader epoch was -1. (state.change.logger)
[2025-10-17 14:08:05,354] INFO [Broker id=0] Leader __consumer_offsets-27 with topic id Some(SEtKCed8QsqQUZCZ8sq0Cw) starts at leader epoch 0 from offset 0 with partition epoch 0, high watermark 0, ISR [0], adding replicas [] and removing replicas [] . Previous leader None and previous leader epoch was -1. (state.change.logger)
[2025-10-17 14:08:05,358] INFO [Broker id=0] Leader __consumer_offsets-42 with topic id Some(SEtKCed8QsqQUZCZ8sq0Cw) starts at leader epoch 0 from offset 0 with partition epoch 0, high watermark 0, ISR [0], adding replicas [] and removing replicas [] . Previous leader None and previous leader epoch was -1. (state.change.logger)
[2025-10-17 14:08:05,361] INFO [Broker id=0] Leader __consumer_offsets-12 with topic id Some(SEtKCed8QsqQUZCZ8sq0Cw) starts at leader epoch 0 from offset 0 with partition epoch 0, high watermark 0, ISR [0], adding replicas [] and removing replicas [] . Previous leader None and previous leader epoch was -1. (state.change.logger)
[2025-10-17 14:08:05,367] INFO [Broker id=0] Leader __consumer_offsets-21 with topic id Some(SEtKCed8QsqQUZCZ8sq0Cw) starts at leader epoch 0 from offset 0 with partition epoch 0, high watermark 0, ISR [0], adding replicas [] and removing replicas [] . Previous leader None and previous leader epoch was -1. (state.change.logger)
[2025-10-17 14:08:05,369] INFO [Broker id=0] Leader __consumer_offsets-36 with topic id Some(SEtKCed8QsqQUZCZ8sq0Cw) starts at leader epoch 0 from offset 23 with partition epoch 0, high watermark 23, ISR [0], adding replicas [] and removing replicas [] . Previous leader None and previous leader epoch was -1. (state.change.logger)
[2025-10-17 14:08:05,369] INFO [Broker id=0] Leader __consumer_offsets-6 with topic id Some(SEtKCed8QsqQUZCZ8sq0Cw) starts at leader epoch 0 from offset 0 with partition epoch 0, high watermark 0, ISR [0], adding replicas [] and removing replicas [] . Previous leader None and previous leader epoch was -1. (state.change.logger)
[2025-10-17 14:08:05,373] INFO [Broker id=0] Leader tp_bankingapp-2 with topic id Some(20zlnzozS8KZBM2GMdb-Jw) starts at leader epoch 0 from offset 2 with partition epoch 0, high watermark 2, ISR [0], adding replicas [] and removing replicas [] . Previous leader None and previous leader epoch was -1. (state.change.logger)
[2025-10-17 14:08:05,373] INFO [Broker id=0] Leader __consumer_offsets-43 with topic id Some(SEtKCed8QsqQUZCZ8sq0Cw) starts at leader epoch 0 from offset 0 with partition epoch 0, high watermark 0, ISR [0], adding replicas [] and removing replicas [] . Previous leader None and previous leader epoch was -1. (state.change.logger)
[2025-10-17 14:08:05,376] INFO [Broker id=0] Leader __consumer_offsets-13 with topic id Some(SEtKCed8QsqQUZCZ8sq0Cw) starts at leader epoch 0 from offset 0 with partition epoch 0, high watermark 0, ISR [0], adding replicas [] and removing replicas [] . Previous leader None and previous leader epoch was -1. (state.change.logger)
[2025-10-17 14:08:05,379] INFO [Broker id=0] Leader __consumer_offsets-28 with topic id Some(SEtKCed8QsqQUZCZ8sq0Cw) starts at leader epoch 0 from offset 0 with partition epoch 0, high watermark 0, ISR [0], adding replicas [] and removing replicas [] . Previous leader None and previous leader epoch was -1. (state.change.logger)
[2025-10-17 14:08:05,392] INFO [Broker id=0] Finished LeaderAndIsr request in 209ms correlationId 1 from controller 0 for 53 partitions (state.change.logger)
[2025-10-17 14:08:05,397] INFO [Broker id=0] Add 53 partitions and deleted 0 partitions from metadata cache in response to UpdateMetadata request sent by controller 0 epoch 4 with correlation id 2 (state.change.logger)
[2025-10-17 14:09:17,837] INFO [Controller id=0 epoch=4] Changed partition creditcard_application-0 state from NonExistentPartition to NewPartition with assigned replicas 0 (state.change.logger)
[2025-10-17 14:09:17,837] INFO [Controller id=0 epoch=4] Changed partition creditcard_application-1 state from NonExistentPartition to NewPartition with assigned replicas 0 (state.change.logger)
[2025-10-17 14:09:17,837] INFO [Controller id=0 epoch=4] Changed partition creditcard_application-2 state from NonExistentPartition to NewPartition with assigned replicas 0 (state.change.logger)
[2025-10-17 14:09:17,837] INFO [Controller id=0 epoch=4] Sending UpdateMetadata request to brokers HashSet() for 0 partitions (state.change.logger)
[2025-10-17 14:09:17,837] INFO [Controller id=0 epoch=4] Sending UpdateMetadata request to brokers HashSet() for 0 partitions (state.change.logger)
[2025-10-17 14:09:17,850] INFO [Controller id=0 epoch=4] Changed partition creditcard_application-0 from NewPartition to OnlinePartition with state LeaderAndIsr(leader=0, leaderEpoch=0, isrWithBrokerEpoch=List(BrokerState(brokerId=0, brokerEpoch=-1)), leaderRecoveryState=RECOVERED, partitionEpoch=0) (state.change.logger)
[2025-10-17 14:09:17,850] INFO [Controller id=0 epoch=4] Changed partition creditcard_application-1 from NewPartition to OnlinePartition with state LeaderAndIsr(leader=0, leaderEpoch=0, isrWithBrokerEpoch=List(BrokerState(brokerId=0, brokerEpoch=-1)), leaderRecoveryState=RECOVERED, partitionEpoch=0) (state.change.logger)
[2025-10-17 14:09:17,850] INFO [Controller id=0 epoch=4] Changed partition creditcard_application-2 from NewPartition to OnlinePartition with state LeaderAndIsr(leader=0, leaderEpoch=0, isrWithBrokerEpoch=List(BrokerState(brokerId=0, brokerEpoch=-1)), leaderRecoveryState=RECOVERED, partitionEpoch=0) (state.change.logger)
[2025-10-17 14:09:17,850] INFO [Controller id=0 epoch=4] Sending LeaderAndIsr request to broker 0 with 3 become-leader and 0 become-follower partitions (state.change.logger)
[2025-10-17 14:09:17,850] INFO [Controller id=0 epoch=4] Sending UpdateMetadata request to brokers HashSet(0) for 3 partitions (state.change.logger)
[2025-10-17 14:09:17,850] INFO [Controller id=0 epoch=4] Sending UpdateMetadata request to brokers HashSet() for 0 partitions (state.change.logger)
[2025-10-17 14:09:17,850] INFO [Broker id=0] Handling LeaderAndIsr request correlationId 3 from controller 0 for 3 partitions (state.change.logger)
[2025-10-17 14:09:17,851] INFO [Broker id=0] Stopped fetchers as part of LeaderAndIsr request correlationId 3 from controller 0 epoch 4 as part of the become-leader transition for 3 partitions (state.change.logger)
[2025-10-17 14:09:17,854] INFO [Broker id=0] Leader creditcard_application-0 with topic id Some(DRbN0mzBRq6_A9YRedHmnA) starts at leader epoch 0 from offset 0 with partition epoch 0, high watermark 0, ISR [0], adding replicas [] and removing replicas [] . Previous leader None and previous leader epoch was -1. (state.change.logger)
[2025-10-17 14:09:17,860] INFO [Broker id=0] Leader creditcard_application-2 with topic id Some(DRbN0mzBRq6_A9YRedHmnA) starts at leader epoch 0 from offset 0 with partition epoch 0, high watermark 0, ISR [0], adding replicas [] and removing replicas [] . Previous leader None and previous leader epoch was -1. (state.change.logger)
[2025-10-17 14:09:17,867] INFO [Broker id=0] Leader creditcard_application-1 with topic id Some(DRbN0mzBRq6_A9YRedHmnA) starts at leader epoch 0 from offset 0 with partition epoch 0, high watermark 0, ISR [0], adding replicas [] and removing replicas [] . Previous leader None and previous leader epoch was -1. (state.change.logger)
[2025-10-17 14:09:17,874] INFO [Broker id=0] Finished LeaderAndIsr request in 24ms correlationId 3 from controller 0 for 3 partitions (state.change.logger)
[2025-10-17 14:09:17,875] INFO [Broker id=0] Add 3 partitions and deleted 0 partitions from metadata cache in response to UpdateMetadata request sent by controller 0 epoch 4 with correlation id 4 (state.change.logger)
